<?xml version="1.0" encoding="UTF-8"?>
<!-- Generated by org.testng.reporters.JUnitXMLReporter -->
<testsuite ignored="6" hostname="LAPTOP-LNHNK8AL" failures="1" tests="3" name="Test" time="38.364" errors="0" timestamp="21 Jun 2024 12:22:04 GMT">
  <testcase classname="TestScript.ValidLoginTest" name="login" time="1.31"/>
  <testcase classname="TestScript.InvalidLoginTest" name="invalidLogin" time="1.83">
    <failure type="java.lang.NullPointerException" message="Cannot invoke &amp;quot;org.apache.poi.ss.usermodel.Row.getCell(int)&amp;quot; because &amp;quot;row&amp;quot; is null">
      <![CDATA[java.lang.NullPointerException: Cannot invoke "org.apache.poi.ss.usermodel.Row.getCell(int)" because "row" is null
at GenericLib.Flib.getDataFromExcelFile(Flib.java:34)
at TestScript.InvalidLoginTest.invalidLogin(InvalidLoginTest.java:23)
... Removed 25 stack frames]]>
    </failure>
  </testcase> <!-- invalidLogin -->
  <testcase classname="TestScript.CreateUserTest" name="createNewUser" time="22.258"/>
  <testcase classname="GenericLib.BaseTest" name="@BeforeTest BeforeTest" time="0.0">
    <ignored/>
  </testcase> <!-- @BeforeTest BeforeTest -->
  <testcase classname="GenericLib.BaseTest" name="@BeforeTest BeforeTest" time="0.0">
    <ignored/>
  </testcase> <!-- @BeforeTest BeforeTest -->
  <testcase classname="GenericLib.BaseTest" name="@BeforeTest BeforeTest" time="0.0">
    <ignored/>
  </testcase> <!-- @BeforeTest BeforeTest -->
  <testcase classname="GenericLib.BaseTest" name="@BeforeSuite BeforeSuit" time="0.0">
    <ignored/>
  </testcase> <!-- @BeforeSuite BeforeSuit -->
  <testcase classname="GenericLib.BaseTest" name="@BeforeSuite BeforeSuit" time="0.0">
    <ignored/>
  </testcase> <!-- @BeforeSuite BeforeSuit -->
  <testcase classname="GenericLib.BaseTest" name="@BeforeSuite BeforeSuit" time="0.0">
    <ignored/>
  </testcase> <!-- @BeforeSuite BeforeSuit -->
</testsuite> <!-- Test -->
